  main.cpp
D:\Dev\Dev\PerhapsEngine\PerhapsEngineNative\Engine\Core\Systems\Graphics\Graphics.h(52,43): warning C4244: 'argument': conversion from 'T' to 'GLsizei', possible loss of data
          with
          [
              T=float
          ]
D:\Dev\Dev\PerhapsEngine\PerhapsEngineNative\Engine\Core\Systems\Graphics\Graphics.h(52,30): warning C4244: 'argument': conversion from 'T' to 'GLsizei', possible loss of data
          with
          [
              T=float
          ]
D:\Dev\Dev\PerhapsEngine\PerhapsEngineNative\Engine\Core\Systems\Graphics\Texture2D.h(87): warning C4715: 'Perhaps::Texture2D::Bind': not all control paths return a value
  Engine.vcxproj -> D:\Dev\Dev\PerhapsEngine\PerhapsEngineNative\Build-Debug-Bin\PerhapsEngine.exe

Project Performance Summary:
     3924 ms  D:\Dev\Dev\PerhapsEngine\PerhapsEngineNative\Engine.vcxproj   1 calls
               3924 ms  Build                                      1 calls

Target Performance Summary:
        0 ms  _ResourceCompile                           1 calls
        0 ms  PreLinkEvent                               1 calls
        0 ms  DoLinkOutputFilesMatch                     1 calls
        0 ms  PrepareResourceNames                       1 calls
        0 ms  CreateCustomManifestResourceNames          1 calls
        0 ms  ComputeLinkInputsFromProject               1 calls
        0 ms  ComputeCLGeneratedLinkInputs               1 calls
        0 ms  ComputeManifestGeneratedLinkerInputs       1 calls
        0 ms  ComputeRCGeneratedLinkInputs               1 calls
        0 ms  AfterLink                                  1 calls
        0 ms  ComputeRCOutputs                           1 calls
        0 ms  ComputeLegacyManifestEmbedding             1 calls
        0 ms  BuildLinkTraverse                          1 calls
        0 ms  BuildCompile                               1 calls
        0 ms  _BuildCompileAction                        1 calls
        0 ms  AfterBuildCompileEvent                     1 calls
        0 ms  AfterResourceCompile                       1 calls
        0 ms  BeforeResourceCompile                      1 calls
        0 ms  _ClCompile                                 1 calls
        0 ms  BeforeLink                                 1 calls
        0 ms  _Link                                      1 calls
        0 ms  _ALink                                     1 calls
        0 ms  _Manifest                                  1 calls
        0 ms  AfterBuild                                 1 calls
        0 ms  BuildLink                                  1 calls
        0 ms  _BuildLinkAction                           1 calls
        0 ms  PostBuildEvent                             1 calls
        0 ms  PrepareForRun                              1 calls
        0 ms  _CheckForCompileOutputs                    1 calls
        0 ms  _CopySourceItemsToOutputDirectory          1 calls
        0 ms  GetCopyToOutputDirectoryXamlAppDefs        1 calls
        0 ms  _PopulateCommonStateForGetCopyToOutputDirectoryItems   1 calls
        0 ms  _Deploy                                    1 calls
        0 ms  _Appverifier                               1 calls
        0 ms  CreateSatelliteAssemblies                  1 calls
        0 ms  _GenerateSatelliteAssemblyInputs           1 calls
        0 ms  _BscMake                                   1 calls
        0 ms  MakeDirsForBscMake                         1 calls
        0 ms  ComputeCLCompileGeneratedSbrFiles          1 calls
        0 ms  _XdcMake                                   1 calls
        0 ms  ComputeCLCompileGeneratedXDCFiles          1 calls
        0 ms  ResolvedXDCMake                            1 calls
        0 ms  AfterClCompile                             1 calls
        0 ms  SelectClCompile                            1 calls
        0 ms  Build                                      1 calls
        0 ms  ComputeMIDLGeneratedCompileInputs          1 calls
        0 ms  BeforeBuildGenerateSources                 1 calls
        0 ms  PreBuildEvent                              1 calls
        0 ms  BuildGenerateSourcesTraverse               1 calls
        0 ms  _SelectedFiles                             1 calls
        0 ms  PrepareProjectReferences                   1 calls
        0 ms  ResolveReferences                          1 calls
        0 ms  AfterResolveReferences                     1 calls
        0 ms  ComputeCustomBuildOutput                   1 calls
        0 ms  ResolveAssemblyReferences                  1 calls
        0 ms  CopyFileToFolders                          1 calls
        0 ms  _Xsd                                       1 calls
        0 ms  ExpandSDKReferences                        1 calls
        0 ms  ComputeReferenceCLInput                    1 calls
        0 ms  AfterMidl                                  1 calls
        0 ms  BeforeResolveReferences                    1 calls
        0 ms  AfterBuildGenerateSources                  1 calls
        0 ms  SetBuildDefaultEnvironmentVariables        1 calls
        0 ms  GetResolvedWinMD                           1 calls
        0 ms  ComputeCLInputPDBName                      1 calls
        0 ms  _Midl                                      1 calls
        0 ms  BuildCompileTraverse                       1 calls
        0 ms  BeforeClCompile                            1 calls
        0 ms  BuildGenerateSources                       1 calls
        0 ms  ResolveSDKReferences                       1 calls
        0 ms  _BuildGenerateSourcesAction                1 calls
        0 ms  AfterBuildGenerateSourcesEvent             1 calls
        0 ms  SetCABuildNativeEnvironmentVariables       1 calls
        1 ms  _GetCopyToOutputDirectoryItemsFromTransitiveProjectReferences   1 calls
        1 ms  GetFrameworkPaths                          1 calls
        1 ms  RegisterOutput                             1 calls
        1 ms  CopyFilesToOutputDirectory                 1 calls
        1 ms  GetReferenceAssemblyPaths                  1 calls
        1 ms  SelectCustomBuild                          1 calls
        1 ms  FindReferenceAssembliesForReferences       1 calls
        1 ms  MakeDirsForResourceCompile                 1 calls
        1 ms  ComputeLinkImportLibraryOutputsForClean    1 calls
        1 ms  ComputeManifestInputsTargets               1 calls
        1 ms  FinalizeBuildStatus                        1 calls
        1 ms  MakeDirsForXdcMake                         1 calls
        1 ms  MakeDirsForLink                            1 calls
        1 ms  _GetCopyToOutputDirectoryItemsFromThisProject   1 calls
        1 ms  _CheckWindowsSDKInstalled                  1 calls
        2 ms  IncrementalClean                           1 calls
        2 ms  MakeDirsForMidl                            1 calls
        2 ms  SplitResourcesByCulture                    1 calls
        2 ms  ComputeCLOutputs                           1 calls
        3 ms  ComputeLinkSwitches                        1 calls
        4 ms  _PrepareForReferenceResolution             1 calls
        5 ms  MakeDirsForCl                              1 calls
        5 ms  FixupCLCompileOptions                      1 calls
        5 ms  _SplitProjectReferencesByFileExistence     1 calls
        6 ms  AssignTargetPaths                          1 calls
        7 ms  WarnCompileDuplicatedFilename              1 calls
        9 ms  _GetProjectReferenceTargetFrameworkProperties   1 calls
       10 ms  SetTelemetryEnvironmentVariables           1 calls
       11 ms  _CleanGetCurrentAndPriorFileWrites         1 calls
       12 ms  CustomBuild                                1 calls
       15 ms  PrepareForBuild                            1 calls
       15 ms  _PrepareForBuild                           1 calls
       16 ms  AssignProjectConfiguration                 1 calls
       17 ms  ResolveProjectReferences                   1 calls
       17 ms  InitializeBuildStatus                      1 calls
       18 ms  GetCopyToOutputDirectoryItems              1 calls
       71 ms  _CheckForInvalidConfigurationAndPlatform   1 calls
     1026 ms  Link                                       1 calls
     2598 ms  ClCompile                                  1 calls

Task Performance Summary:
        0 ms  ConvertToAbsolutePath                      1 calls
        1 ms  CheckVCToolsetVersion                      1 calls
        1 ms  RemoveDuplicates                           2 calls
        2 ms  Delete                                     2 calls
        2 ms  AssignCulture                              1 calls
        3 ms  WriteLinesToFile                           2 calls
        4 ms  SetEnv                                     8 calls
        5 ms  AssignTargetPath                           7 calls
        6 ms  MSBuild                                    1 calls
        7 ms  Touch                                      2 calls
        8 ms  FindUnderPath                              5 calls
        8 ms  ReadLinesFromFile                          2 calls
        9 ms  MakeDir                                    9 calls
       11 ms  GetOutOfDateItems                          3 calls
       15 ms  AssignProjectConfiguration                 1 calls
       17 ms  CallTarget                                 2 calls
       22 ms  Message                                    3 calls
     1024 ms  Link                                       1 calls
     2596 ms  CL                                         3 calls
