d:\dev\dev\perhapsengine\perhapsenginenative\build-debug-bin-int\vc142.pdb
d:\dev\dev\perhapsengine\perhapsenginenative\build-debug-bin-int\vc142.idb
d:\dev\dev\perhapsengine\perhapsenginenative\build-debug-bin-int\imgui_impl_glfw.obj
d:\dev\dev\perhapsengine\perhapsenginenative\build-debug-bin-int\imgui_draw.obj
d:\dev\dev\perhapsengine\perhapsenginenative\build-debug-bin-int\imgui_demo.obj
d:\dev\dev\perhapsengine\perhapsenginenative\build-debug-bin-int\imgui.obj
d:\dev\dev\perhapsengine\perhapsenginenative\build-debug-bin-int\glm.obj
d:\dev\dev\perhapsengine\perhapsenginenative\build-debug-bin-int\monohaps.obj
d:\dev\dev\perhapsengine\perhapsenginenative\build-debug-bin-int\window.obj
d:\dev\dev\perhapsengine\perhapsenginenative\build-debug-bin-int\vertexarray.obj
d:\dev\dev\perhapsengine\perhapsenginenative\build-debug-bin-int\texture2d.obj
d:\dev\dev\perhapsengine\perhapsenginenative\build-debug-bin-int\shader.obj
d:\dev\dev\perhapsengine\perhapsenginenative\build-debug-bin-int\screenquadrenderer.obj
d:\dev\dev\perhapsengine\perhapsenginenative\build-debug-bin-int\rendertexture.obj
d:\dev\dev\perhapsengine\perhapsenginenative\build-debug-bin-int\renderer2d.obj
d:\dev\dev\perhapsengine\perhapsenginenative\build-debug-bin-int\rendererbase.obj
d:\dev\dev\perhapsengine\perhapsenginenative\build-debug-bin-int\rendererimgui.obj
d:\dev\dev\perhapsengine\perhapsenginenative\build-debug-bin-int\graphics.obj
d:\dev\dev\perhapsengine\perhapsenginenative\build-debug-bin-int\gameloop.obj
d:\dev\dev\perhapsengine\perhapsenginenative\build-debug-bin-int\eventsystem.obj
d:\dev\dev\perhapsengine\perhapsenginenative\build-debug-bin-int\main.obj
d:\dev\dev\perhapsengine\perhapsenginenative\build-debug-bin-int\application.obj
d:\dev\dev\perhapsengine\perhapsenginenative\build-debug-bin-int\imgui_widgets.obj
d:\dev\dev\perhapsengine\perhapsenginenative\build-debug-bin-int\imgui_impl_opengl3.obj
d:\dev\dev\perhapsengine\perhapsenginenative\build-debug-bin-int\glad.obj
d:\dev\dev\perhapsengine\perhapsenginenative\build-debug-bin-int\perhapsengine.pch
d:\dev\dev\perhapsengine\perhapsenginenative\build-debug-bin-int\perhapspch.obj
d:\dev\dev\perhapsengine\perhapsenginenative\build-debug-bin\perhapsengine.exe
d:\dev\dev\perhapsengine\perhapsenginenative\build-debug-bin\perhapsengine.ilk
d:\dev\dev\perhapsengine\perhapsenginenative\build-debug-bin\perhapsengine.pdb
d:\dev\dev\perhapsengine\perhapsenginenative\build-debug-bin\perhapsengine.lib
d:\dev\dev\perhapsengine\perhapsenginenative\build-debug-bin\perhapsengine.exp
d:\dev\dev\perhapsengine\perhapsenginenative\build-debug-bin-int\perhapsengine.tlog\cl.command.1.tlog
d:\dev\dev\perhapsengine\perhapsenginenative\build-debug-bin-int\perhapsengine.tlog\cl.read.1.tlog
d:\dev\dev\perhapsengine\perhapsenginenative\build-debug-bin-int\perhapsengine.tlog\cl.write.1.tlog
d:\dev\dev\perhapsengine\perhapsenginenative\build-debug-bin-int\perhapsengine.tlog\link.12576.delete.1.tlog
d:\dev\dev\perhapsengine\perhapsenginenative\build-debug-bin-int\perhapsengine.tlog\link.17504.delete.1.tlog
d:\dev\dev\perhapsengine\perhapsenginenative\build-debug-bin-int\perhapsengine.tlog\link.17516.delete.1.tlog
d:\dev\dev\perhapsengine\perhapsenginenative\build-debug-bin-int\perhapsengine.tlog\link.29016.delete.1.tlog
d:\dev\dev\perhapsengine\perhapsenginenative\build-debug-bin-int\perhapsengine.tlog\link.30556.delete.1.tlog
d:\dev\dev\perhapsengine\perhapsenginenative\build-debug-bin-int\perhapsengine.tlog\link.31016.delete.1.tlog
d:\dev\dev\perhapsengine\perhapsenginenative\build-debug-bin-int\perhapsengine.tlog\link.command.1.tlog
d:\dev\dev\perhapsengine\perhapsenginenative\build-debug-bin-int\perhapsengine.tlog\link.read.1.tlog
d:\dev\dev\perhapsengine\perhapsenginenative\build-debug-bin-int\perhapsengine.tlog\link.write.1.tlog
d:\dev\dev\perhapsengine\perhapsenginenative\build-debug-bin-int\perhapsengine.tlog\perhapsengine.write.1u.tlog
