d:\dev\dev\perhapsengine\native\perhapsenginenative\perhapsenginenative\debug-bin-int\vc142.pdb
d:\dev\dev\perhapsengine\native\perhapsenginenative\perhapsenginenative\debug-bin-int\vc142.idb
d:\dev\dev\perhapsengine\native\perhapsenginenative\perhapsenginenative\debug-bin-int\glm.obj
d:\dev\dev\perhapsengine\native\perhapsenginenative\perhapsenginenative\debug-bin-int\entry.obj
d:\dev\dev\perhapsengine\native\perhapsenginenative\perhapsenginenative\debug-bin-int\glad.obj
d:\dev\dev\perhapsengine\native\perhapsenginenative\perhapsenginenative\debug-bin-int\perhapsengine.pch
d:\dev\dev\perhapsengine\native\perhapsenginenative\perhapsenginenative\debug-bin-int\perhapspch.obj
d:\dev\dev\perhapsengine\native\perhapsenginenative\perhapsenginenative\debug-bin-int\gameloop.obj
d:\dev\dev\perhapsengine\native\perhapsenginenative\perhapsenginenative\debug-bin-int\main.obj
d:\dev\dev\perhapsengine\native\perhapsenginenative\perhapsenginenative\debug-bin\perhapsengine.exe
d:\dev\dev\perhapsengine\native\perhapsenginenative\perhapsenginenative\debug-bin\perhapsengine.ilk
d:\dev\dev\perhapsengine\native\perhapsenginenative\perhapsenginenative\debug-bin\perhapsengine.pdb
d:\dev\dev\perhapsengine\native\perhapsenginenative\perhapsenginenative\debug-bin\perhapsengine.lib
d:\dev\dev\perhapsengine\native\perhapsenginenative\perhapsenginenative\debug-bin\perhapsengine.exp
d:\dev\dev\perhapsengine\native\perhapsenginenative\perhapsenginenative\debug-bin-int\engine.pch
d:\dev\dev\perhapsengine\native\perhapsenginenative\perhapsenginenative\debug-bin-int\perhapsengine.tlog\cl.command.1.tlog
d:\dev\dev\perhapsengine\native\perhapsenginenative\perhapsenginenative\debug-bin-int\perhapsengine.tlog\cl.read.1.tlog
d:\dev\dev\perhapsengine\native\perhapsenginenative\perhapsenginenative\debug-bin-int\perhapsengine.tlog\cl.write.1.tlog
d:\dev\dev\perhapsengine\native\perhapsenginenative\perhapsenginenative\debug-bin-int\perhapsengine.tlog\link.10264.delete.1.tlog
d:\dev\dev\perhapsengine\native\perhapsenginenative\perhapsenginenative\debug-bin-int\perhapsengine.tlog\link.10728.delete.1.tlog
d:\dev\dev\perhapsengine\native\perhapsenginenative\perhapsenginenative\debug-bin-int\perhapsengine.tlog\link.12932.delete.1.tlog
d:\dev\dev\perhapsengine\native\perhapsenginenative\perhapsenginenative\debug-bin-int\perhapsengine.tlog\link.14200.delete.1.tlog
d:\dev\dev\perhapsengine\native\perhapsenginenative\perhapsenginenative\debug-bin-int\perhapsengine.tlog\link.18776.delete.1.tlog
d:\dev\dev\perhapsengine\native\perhapsenginenative\perhapsenginenative\debug-bin-int\perhapsengine.tlog\link.18796.delete.1.tlog
d:\dev\dev\perhapsengine\native\perhapsenginenative\perhapsenginenative\debug-bin-int\perhapsengine.tlog\link.23696.delete.1.tlog
d:\dev\dev\perhapsengine\native\perhapsenginenative\perhapsenginenative\debug-bin-int\perhapsengine.tlog\link.25284.delete.1.tlog
d:\dev\dev\perhapsengine\native\perhapsenginenative\perhapsenginenative\debug-bin-int\perhapsengine.tlog\link.28852.delete.1.tlog
d:\dev\dev\perhapsengine\native\perhapsenginenative\perhapsenginenative\debug-bin-int\perhapsengine.tlog\link.28972.delete.1.tlog
d:\dev\dev\perhapsengine\native\perhapsenginenative\perhapsenginenative\debug-bin-int\perhapsengine.tlog\link.29072.delete.1.tlog
d:\dev\dev\perhapsengine\native\perhapsenginenative\perhapsenginenative\debug-bin-int\perhapsengine.tlog\link.29252.delete.1.tlog
d:\dev\dev\perhapsengine\native\perhapsenginenative\perhapsenginenative\debug-bin-int\perhapsengine.tlog\link.29948.delete.1.tlog
d:\dev\dev\perhapsengine\native\perhapsenginenative\perhapsenginenative\debug-bin-int\perhapsengine.tlog\link.30076.delete.1.tlog
d:\dev\dev\perhapsengine\native\perhapsenginenative\perhapsenginenative\debug-bin-int\perhapsengine.tlog\link.31408.delete.1.tlog
d:\dev\dev\perhapsengine\native\perhapsenginenative\perhapsenginenative\debug-bin-int\perhapsengine.tlog\link.32252.delete.1.tlog
d:\dev\dev\perhapsengine\native\perhapsenginenative\perhapsenginenative\debug-bin-int\perhapsengine.tlog\link.35056.delete.1.tlog
d:\dev\dev\perhapsengine\native\perhapsenginenative\perhapsenginenative\debug-bin-int\perhapsengine.tlog\link.35524.delete.1.tlog
d:\dev\dev\perhapsengine\native\perhapsenginenative\perhapsenginenative\debug-bin-int\perhapsengine.tlog\link.36556.delete.1.tlog
d:\dev\dev\perhapsengine\native\perhapsenginenative\perhapsenginenative\debug-bin-int\perhapsengine.tlog\link.40568.delete.1.tlog
d:\dev\dev\perhapsengine\native\perhapsenginenative\perhapsenginenative\debug-bin-int\perhapsengine.tlog\link.command.1.tlog
d:\dev\dev\perhapsengine\native\perhapsenginenative\perhapsenginenative\debug-bin-int\perhapsengine.tlog\link.read.1.tlog
d:\dev\dev\perhapsengine\native\perhapsenginenative\perhapsenginenative\debug-bin-int\perhapsengine.tlog\link.write.1.tlog
d:\dev\dev\perhapsengine\native\perhapsenginenative\perhapsenginenative\debug-bin-int\perhapsengine.tlog\perhapsengine.write.1u.tlog
